# JRE version: OpenJDK Runtime Environment Temurin-17.0.11+9 (17.0.11+9) (build 17.0.11+9)
# Java VM: OpenJDK 64-Bit Server VM Temurin-17.0.11+9 (17.0.11+9, mixed mode, tiered, compressed oops, compressed class ptrs, parallel gc, windows-amd64)
GC Precious Log:
 CPUs: 4 total, 4 available
 Memory: 12193M
 Large Page Support: Disabled
 NUMA Support: Disabled
 Compressed Oops: Enabled (32-bit)
 Alignments: Space 512K, Generation 512K, Heap 2M
 Heap Min Capacity: 100M
 Heap Initial Capacity: 100M
 Heap Max Capacity: 1G
 Pre-touch: Disabled
 Parallel Workers: 4
Heap:
 PSYoungGen      total 8704K, used 8276K [0x00000000eab00000, 0x00000000eb580000, 0x0000000100000000)
  eden space 6656K, 100% used [0x00000000eab00000,0x00000000eb180000,0x00000000eb180000)
  from space 2048K, 79% used [0x00000000eb380000,0x00000000eb515348,0x00000000eb580000)
  to   space 2048K, 0% used [0x00000000eb180000,0x00000000eb180000,0x00000000eb380000)
 ParOldGen       total 117248K, used 111407K [0x00000000c0000000, 0x00000000c7280000, 0x00000000eab00000)
  object space 117248K, 95% used [0x00000000c0000000,0x00000000c6ccbd58,0x00000000c7280000)
 Metaspace       used 73264K, committed 74496K, reserved 1179648K
  class space    used 8422K, committed 8960K, reserved 1048576K
GC Heap History (20 events):
Event: 117.615 GC heap before
{Heap before GC invocations=76 (full 5):
 PSYoungGen      total 9216K, used 8972K [0x00000000eab00000, 0x00000000eb800000, 0x0000000100000000)
  eden space 7168K, 100% used [0x00000000eab00000,0x00000000eb200000,0x00000000eb200000)
  from space 2048K, 88% used [0x00000000eb600000,0x00000000eb7c33f8,0x00000000eb800000)
  to   space 2560K, 0% used [0x00000000eb300000,0x00000000eb300000,0x00000000eb580000)
 ParOldGen       total 117248K, used 95393K [0x00000000c0000000, 0x00000000c7280000, 0x00000000eab00000)
  object space 117248K, 81% used [0x00000000c0000000,0x00000000c5d28468,0x00000000c7280000)
 Metaspace       used 73263K, committed 74496K, reserved 1179648K
  class space    used 8422K, committed 8960K, reserved 1048576K
}
Event: 117.617 GC heap after
{Heap after GC invocations=76 (full 5):
 PSYoungGen      total 9216K, used 1727K [0x00000000eab00000, 0x00000000eb680000, 0x0000000100000000)
  eden space 7168K, 0% used [0x00000000eab00000,0x00000000eab00000,0x00000000eb200000)
  from space 2048K, 84% used [0x00000000eb300000,0x00000000eb4aff68,0x00000000eb500000)
  to   space 1536K, 0% used [0x00000000eb500000,0x00000000eb500000,0x00000000eb680000)
 ParOldGen       total 117248K, used 97053K [0x00000000c0000000, 0x00000000c7280000, 0x00000000eab00000)
  object space 117248K, 82% used [0x00000000c0000000,0x00000000c5ec7778,0x00000000c7280000)
 Metaspace       used 73263K, committed 74496K, reserved 1179648K
  class space    used 8422K, committed 8960K, reserved 1048576K
}
Event: 117.700 GC heap before
{Heap before GC invocations=77 (full 5):
 PSYoungGen      total 9216K, used 8895K [0x00000000eab00000, 0x00000000eb680000, 0x0000000100000000)
  eden space 7168K, 100% used [0x00000000eab00000,0x00000000eb200000,0x00000000eb200000)
  from space 2048K, 84% used [0x00000000eb300000,0x00000000eb4aff68,0x00000000eb500000)
  to   space 1536K, 0% used [0x00000000eb500000,0x00000000eb500000,0x00000000eb680000)
 ParOldGen       total 117248K, used 97053K [0x00000000c0000000, 0x00000000c7280000, 0x00000000eab00000)
  object space 117248K, 82% used [0x00000000c0000000,0x00000000c5ec7778,0x00000000c7280000)
 Metaspace       used 73263K, committed 74496K, reserved 1179648K
  class space    used 8422K, committed 8960K, reserved 1048576K
}
Event: 117.702 GC heap after
{Heap after GC invocations=77 (full 5):
 PSYoungGen      total 8192K, used 1518K [0x00000000eab00000, 0x00000000eb900000, 0x0000000100000000)
  eden space 6656K, 0% used [0x00000000eab00000,0x00000000eab00000,0x00000000eb180000)
  from space 1536K, 98% used [0x00000000eb500000,0x00000000eb67b890,0x00000000eb680000)
  to   space 3584K, 0% used [0x00000000eb180000,0x00000000eb180000,0x00000000eb500000)
 ParOldGen       total 117248K, used 98795K [0x00000000c0000000, 0x00000000c7280000, 0x00000000eab00000)
  object space 117248K, 84% used [0x00000000c0000000,0x00000000c607ad28,0x00000000c7280000)
 Metaspace       used 73263K, committed 74496K, reserved 1179648K
  class space    used 8422K, committed 8960K, reserved 1048576K
}
Event: 117.760 GC heap before
{Heap before GC invocations=78 (full 5):
 PSYoungGen      total 8192K, used 8174K [0x00000000eab00000, 0x00000000eb900000, 0x0000000100000000)
  eden space 6656K, 100% used [0x00000000eab00000,0x00000000eb180000,0x00000000eb180000)
  from space 1536K, 98% used [0x00000000eb500000,0x00000000eb67b890,0x00000000eb680000)
  to   space 3584K, 0% used [0x00000000eb180000,0x00000000eb180000,0x00000000eb500000)
 ParOldGen       total 117248K, used 98795K [0x00000000c0000000, 0x00000000c7280000, 0x00000000eab00000)
  object space 117248K, 84% used [0x00000000c0000000,0x00000000c607ad28,0x00000000c7280000)
 Metaspace       used 73263K, committed 74496K, reserved 1179648K
  class space    used 8422K, committed 8960K, reserved 1048576K
}
Event: 117.762 GC heap after
{Heap after GC invocations=78 (full 5):
 PSYoungGen      total 8704K, used 1568K [0x00000000eab00000, 0x00000000eb680000, 0x0000000100000000)
  eden space 6656K, 0% used [0x00000000eab00000,0x00000000eab00000,0x00000000eb180000)
  from space 2048K, 76% used [0x00000000eb180000,0x00000000eb308000,0x00000000eb380000)
  to   space 2560K, 0% used [0x00000000eb400000,0x00000000eb400000,0x00000000eb680000)
 ParOldGen       total 117248K, used 100295K [0x00000000c0000000, 0x00000000c7280000, 0x00000000eab00000)
  object space 117248K, 85% used [0x00000000c0000000,0x00000000c61f1cc8,0x00000000c7280000)
 Metaspace       used 73263K, committed 74496K, reserved 1179648K
  class space    used 8422K, committed 8960K, reserved 1048576K
}
Event: 117.913 GC heap before
{Heap before GC invocations=79 (full 5):
 PSYoungGen      total 8704K, used 8224K [0x00000000eab00000, 0x00000000eb680000, 0x0000000100000000)
  eden space 6656K, 100% used [0x00000000eab00000,0x00000000eb180000,0x00000000eb180000)
  from space 2048K, 76% used [0x00000000eb180000,0x00000000eb308000,0x00000000eb380000)
  to   space 2560K, 0% used [0x00000000eb400000,0x00000000eb400000,0x00000000eb680000)
 ParOldGen       total 117248K, used 100295K [0x00000000c0000000, 0x00000000c7280000, 0x00000000eab00000)
  object space 117248K, 85% used [0x00000000c0000000,0x00000000c61f1cc8,0x00000000c7280000)
 Metaspace       used 73263K, committed 74496K, reserved 1179648K
  class space    used 8422K, committed 8960K, reserved 1048576K
}
Event: 117.916 GC heap after
{Heap after GC invocations=79 (full 5):
 PSYoungGen      total 8192K, used 1523K [0x00000000eab00000, 0x00000000eb580000, 0x0000000100000000)
  eden space 6656K, 0% used [0x00000000eab00000,0x00000000eab00000,0x00000000eb180000)
  from space 1536K, 99% used [0x00000000eb400000,0x00000000eb57cfc0,0x00000000eb580000)
  to   space 2048K, 0% used [0x00000000eb180000,0x00000000eb180000,0x00000000eb380000)
 ParOldGen       total 117248K, used 101778K [0x00000000c0000000, 0x00000000c7280000, 0x00000000eab00000)
  object space 117248K, 86% used [0x00000000c0000000,0x00000000c63648c0,0x00000000c7280000)
 Metaspace       used 73263K, committed 74496K, reserved 1179648K
  class space    used 8422K, committed 8960K, reserved 1048576K
}
Event: 117.969 GC heap before
{Heap before GC invocations=80 (full 5):
 PSYoungGen      total 8192K, used 8179K [0x00000000eab00000, 0x00000000eb580000, 0x0000000100000000)
  eden space 6656K, 100% used [0x00000000eab00000,0x00000000eb180000,0x00000000eb180000)
  from space 1536K, 99% used [0x00000000eb400000,0x00000000eb57cfc0,0x00000000eb580000)
  to   space 2048K, 0% used [0x00000000eb180000,0x00000000eb180000,0x00000000eb380000)
 ParOldGen       total 117248K, used 101778K [0x00000000c0000000, 0x00000000c7280000, 0x00000000eab00000)
  object space 117248K, 86% used [0x00000000c0000000,0x00000000c63648c0,0x00000000c7280000)
 Metaspace       used 73263K, committed 74496K, reserved 1179648K
  class space    used 8422K, committed 8960K, reserved 1048576K
}
Event: 117.973 GC heap after
{Heap after GC invocations=80 (full 5):
 PSYoungGen      total 8704K, used 1782K [0x00000000eab00000, 0x00000000eb580000, 0x0000000100000000)
  eden space 6656K, 0% used [0x00000000eab00000,0x00000000eab00000,0x00000000eb180000)
  from space 2048K, 87% used [0x00000000eb180000,0x00000000eb33da50,0x00000000eb380000)
  to   space 2048K, 0% used [0x00000000eb380000,0x00000000eb380000,0x00000000eb580000)
 ParOldGen       total 117248K, used 103244K [0x00000000c0000000, 0x00000000c7280000, 0x00000000eab00000)
  object space 117248K, 88% used [0x00000000c0000000,0x00000000c64d3190,0x00000000c7280000)
 Metaspace       used 73263K, committed 74496K, reserved 1179648K
  class space    used 8422K, committed 8960K, reserved 1048576K
}
Event: 118.020 GC heap before
{Heap before GC invocations=81 (full 5):
 PSYoungGen      total 8704K, used 8431K [0x00000000eab00000, 0x00000000eb580000, 0x0000000100000000)
  eden space 6656K, 99% used [0x00000000eab00000,0x00000000eb17e430,0x00000000eb180000)
  from space 2048K, 87% used [0x00000000eb180000,0x00000000eb33da50,0x00000000eb380000)
  to   space 2048K, 0% used [0x00000000eb380000,0x00000000eb380000,0x00000000eb580000)
 ParOldGen       total 117248K, used 103244K [0x00000000c0000000, 0x00000000c7280000, 0x00000000eab00000)
  object space 117248K, 88% used [0x00000000c0000000,0x00000000c64d3190,0x00000000c7280000)
 Metaspace       used 73263K, committed 74496K, reserved 1179648K
  class space    used 8422K, committed 8960K, reserved 1048576K
}
Event: 118.023 GC heap after
{Heap after GC invocations=81 (full 5):
 PSYoungGen      total 8704K, used 1651K [0x00000000eab00000, 0x00000000eb580000, 0x0000000100000000)
  eden space 6656K, 0% used [0x00000000eab00000,0x00000000eab00000,0x00000000eb180000)
  from space 2048K, 80% used [0x00000000eb380000,0x00000000eb51cdb8,0x00000000eb580000)
  to   space 2048K, 0% used [0x00000000eb180000,0x00000000eb180000,0x00000000eb380000)
 ParOldGen       total 117248K, used 104944K [0x00000000c0000000, 0x00000000c7280000, 0x00000000eab00000)
  object space 117248K, 89% used [0x00000000c0000000,0x00000000c667c110,0x00000000c7280000)
 Metaspace       used 73263K, committed 74496K, reserved 1179648K
  class space    used 8422K, committed 8960K, reserved 1048576K
}
Event: 118.336 GC heap before
{Heap before GC invocations=82 (full 5):
 PSYoungGen      total 8704K, used 8307K [0x00000000eab00000, 0x00000000eb580000, 0x0000000100000000)
  eden space 6656K, 100% used [0x00000000eab00000,0x00000000eb180000,0x00000000eb180000)
  from space 2048K, 80% used [0x00000000eb380000,0x00000000eb51cdb8,0x00000000eb580000)
  to   space 2048K, 0% used [0x00000000eb180000,0x00000000eb180000,0x00000000eb380000)
 ParOldGen       total 117248K, used 104944K [0x00000000c0000000, 0x00000000c7280000, 0x00000000eab00000)
  object space 117248K, 89% used [0x00000000c0000000,0x00000000c667c110,0x00000000c7280000)
 Metaspace       used 73263K, committed 74496K, reserved 1179648K
  class space    used 8422K, committed 8960K, reserved 1048576K
}
Event: 118.339 GC heap after
{Heap after GC invocations=82 (full 5):
 PSYoungGen      total 8704K, used 1682K [0x00000000eab00000, 0x00000000eb580000, 0x0000000100000000)
  eden space 6656K, 0% used [0x00000000eab00000,0x00000000eab00000,0x00000000eb180000)
  from space 2048K, 82% used [0x00000000eb180000,0x00000000eb324ba8,0x00000000eb380000)
  to   space 2048K, 0% used [0x00000000eb380000,0x00000000eb380000,0x00000000eb580000)
 ParOldGen       total 117248K, used 106498K [0x00000000c0000000, 0x00000000c7280000, 0x00000000eab00000)
  object space 117248K, 90% used [0x00000000c0000000,0x00000000c6800b98,0x00000000c7280000)
 Metaspace       used 73263K, committed 74496K, reserved 1179648K
  class space    used 8422K, committed 8960K, reserved 1048576K
}
Event: 118.917 GC heap before
{Heap before GC invocations=83 (full 5):
 PSYoungGen      total 8704K, used 8338K [0x00000000eab00000, 0x00000000eb580000, 0x0000000100000000)
  eden space 6656K, 100% used [0x00000000eab00000,0x00000000eb180000,0x00000000eb180000)
  from space 2048K, 82% used [0x00000000eb180000,0x00000000eb324ba8,0x00000000eb380000)
  to   space 2048K, 0% used [0x00000000eb380000,0x00000000eb380000,0x00000000eb580000)
 ParOldGen       total 117248K, used 106498K [0x00000000c0000000, 0x00000000c7280000, 0x00000000eab00000)
  object space 117248K, 90% used [0x00000000c0000000,0x00000000c6800b98,0x00000000c7280000)
 Metaspace       used 73263K, committed 74496K, reserved 1179648K
  class space    used 8422K, committed 8960K, reserved 1048576K
}
Event: 118.919 GC heap after
{Heap after GC invocations=83 (full 5):
 PSYoungGen      total 8704K, used 1799K [0x00000000eab00000, 0x00000000eb580000, 0x0000000100000000)
  eden space 6656K, 0% used [0x00000000eab00000,0x00000000eab00000,0x00000000eb180000)
  from space 2048K, 87% used [0x00000000eb380000,0x00000000eb541de0,0x00000000eb580000)
  to   space 2048K, 0% used [0x00000000eb180000,0x00000000eb180000,0x00000000eb380000)
 ParOldGen       total 117248K, used 108052K [0x00000000c0000000, 0x00000000c7280000, 0x00000000eab00000)
  object space 117248K, 92% used [0x00000000c0000000,0x00000000c6985398,0x00000000c7280000)
 Metaspace       used 73263K, committed 74496K, reserved 1179648K
  class space    used 8422K, committed 8960K, reserved 1048576K
}
Event: 119.016 GC heap before
{Heap before GC invocations=84 (full 5):
 PSYoungGen      total 8704K, used 8455K [0x00000000eab00000, 0x00000000eb580000, 0x0000000100000000)
  eden space 6656K, 100% used [0x00000000eab00000,0x00000000eb180000,0x00000000eb180000)
  from space 2048K, 87% used [0x00000000eb380000,0x00000000eb541de0,0x00000000eb580000)
  to   space 2048K, 0% used [0x00000000eb180000,0x00000000eb180000,0x00000000eb380000)
 ParOldGen       total 117248K, used 108052K [0x00000000c0000000, 0x00000000c7280000, 0x00000000eab00000)
  object space 117248K, 92% used [0x00000000c0000000,0x00000000c6985398,0x00000000c7280000)
 Metaspace       used 73264K, committed 74496K, reserved 1179648K
  class space    used 8422K, committed 8960K, reserved 1048576K
}
Event: 119.019 GC heap after
{Heap after GC invocations=84 (full 5):
 PSYoungGen      total 8704K, used 1803K [0x00000000eab00000, 0x00000000eb580000, 0x0000000100000000)
  eden space 6656K, 0% used [0x00000000eab00000,0x00000000eab00000,0x00000000eb180000)
  from space 2048K, 88% used [0x00000000eb180000,0x00000000eb342c20,0x00000000eb380000)
  to   space 2048K, 0% used [0x00000000eb380000,0x00000000eb380000,0x00000000eb580000)
 ParOldGen       total 117248K, used 109726K [0x00000000c0000000, 0x00000000c7280000, 0x00000000eab00000)
  object space 117248K, 93% used [0x00000000c0000000,0x00000000c6b27910,0x00000000c7280000)
 Metaspace       used 73264K, committed 74496K, reserved 1179648K
  class space    used 8422K, committed 8960K, reserved 1048576K
}
Event: 119.133 GC heap before
{Heap before GC invocations=85 (full 5):
 PSYoungGen      total 8704K, used 8459K [0x00000000eab00000, 0x00000000eb580000, 0x0000000100000000)
  eden space 6656K, 100% used [0x00000000eab00000,0x00000000eb180000,0x00000000eb180000)
  from space 2048K, 88% used [0x00000000eb180000,0x00000000eb342c20,0x00000000eb380000)
  to   space 2048K, 0% used [0x00000000eb380000,0x00000000eb380000,0x00000000eb580000)
 ParOldGen       total 117248K, used 109726K [0x00000000c0000000, 0x00000000c7280000, 0x00000000eab00000)
  object space 117248K, 93% used [0x00000000c0000000,0x00000000c6b27910,0x00000000c7280000)
 Metaspace       used 73264K, committed 74496K, reserved 1179648K
  class space    used 8422K, committed 8960K, reserved 1048576K
}
Event: 119.135 GC heap after
{Heap after GC invocations=85 (full 5):
 PSYoungGen      total 8704K, used 1620K [0x00000000eab00000, 0x00000000eb580000, 0x0000000100000000)
  eden space 6656K, 0% used [0x00000000eab00000,0x00000000eab00000,0x00000000eb180000)
  from space 2048K, 79% used [0x00000000eb380000,0x00000000eb515348,0x00000000eb580000)
  to   space 2048K, 0% used [0x00000000eb180000,0x00000000eb180000,0x00000000eb380000)
 ParOldGen       total 117248K, used 111407K [0x00000000c0000000, 0x00000000c7280000, 0x00000000eab00000)
  object space 117248K, 95% used [0x00000000c0000000,0x00000000c6ccbd58,0x00000000c7280000)
 Metaspace       used 73264K, committed 74496K, reserved 1179648K
  class space    used 8422K, committed 8960K, reserved 1048576K
}

