# JRE version: OpenJDK Runtime Environment Microsoft-8902769 (17.0.10+7) (build 17.0.10+7-LTS)
# Java VM: OpenJDK 64-Bit Server VM Microsoft-8902769 (17.0.10+7-LTS, mixed mode, sharing, tiered, compressed oops, compressed class ptrs, g1 gc, windows-amd64)
GC Precious Log:
 CPUs: 4 total, 4 available
 Memory: 12193M
 Large Page Support: Disabled
 NUMA Support: Disabled
 Compressed Oops: Enabled (32-bit)
 Heap Region Size: 1M
 Heap Min Capacity: 8M
 Heap Initial Capacity: 192M
 Heap Max Capacity: 2G
 Pre-touch: Disabled
 Parallel Workers: 4
 Concurrent Workers: 1
 Concurrent Refinement Workers: 4
 Periodic GC: Disabled
Heap:
 garbage-first heap   total 196608K, used 87842K [0x0000000080000000, 0x0000000100000000)
  region size 1024K, 1 young (1024K), 1 survivors (1024K)
 Metaspace       used 76554K, committed 77248K, reserved 557056K
  class space    used 10672K, committed 11008K, reserved 425984K
GC Heap History (20 events):
Event: 36.872 GC heap after
{Heap after GC invocations=22 (full 0):
 garbage-first heap   total 132096K, used 59611K [0x0000000080000000, 0x0000000100000000)
  region size 1024K, 3 young (3072K), 3 survivors (3072K)
 Metaspace       used 58941K, committed 59584K, reserved 491520K
  class space    used 8365K, committed 8640K, reserved 425984K
}
Event: 37.886 GC heap before
{Heap before GC invocations=23 (full 0):
 garbage-first heap   total 132096K, used 99547K [0x0000000080000000, 0x0000000100000000)
  region size 1024K, 43 young (44032K), 3 survivors (3072K)
 Metaspace       used 61250K, committed 61888K, reserved 491520K
  class space    used 8674K, committed 8960K, reserved 425984K
}
Event: 37.894 GC heap after
{Heap after GC invocations=24 (full 0):
 garbage-first heap   total 132096K, used 61526K [0x0000000080000000, 0x0000000100000000)
  region size 1024K, 5 young (5120K), 5 survivors (5120K)
 Metaspace       used 61250K, committed 61888K, reserved 491520K
  class space    used 8674K, committed 8960K, reserved 425984K
}
Event: 37.912 GC heap before
{Heap before GC invocations=24 (full 0):
 garbage-first heap   total 132096K, used 62550K [0x0000000080000000, 0x0000000100000000)
  region size 1024K, 6 young (6144K), 5 survivors (5120K)
 Metaspace       used 61322K, committed 61952K, reserved 491520K
  class space    used 8686K, committed 8960K, reserved 425984K
}
Event: 37.918 GC heap after
{Heap after GC invocations=25 (full 0):
 garbage-first heap   total 132096K, used 61926K [0x0000000080000000, 0x0000000100000000)
  region size 1024K, 1 young (1024K), 1 survivors (1024K)
 Metaspace       used 61322K, committed 61952K, reserved 491520K
  class space    used 8686K, committed 8960K, reserved 425984K
}
Event: 39.208 GC heap before
{Heap before GC invocations=25 (full 0):
 garbage-first heap   total 132096K, used 103910K [0x0000000080000000, 0x0000000100000000)
  region size 1024K, 42 young (43008K), 1 survivors (1024K)
 Metaspace       used 63695K, committed 64320K, reserved 491520K
  class space    used 9021K, committed 9344K, reserved 425984K
}
Event: 39.219 GC heap after
{Heap after GC invocations=26 (full 0):
 garbage-first heap   total 132096K, used 65638K [0x0000000080000000, 0x0000000100000000)
  region size 1024K, 5 young (5120K), 5 survivors (5120K)
 Metaspace       used 63695K, committed 64320K, reserved 491520K
  class space    used 9021K, committed 9344K, reserved 425984K
}
Event: 40.484 GC heap before
{Heap before GC invocations=27 (full 0):
 garbage-first heap   total 132096K, used 104550K [0x0000000080000000, 0x0000000100000000)
  region size 1024K, 43 young (44032K), 5 survivors (5120K)
 Metaspace       used 66441K, committed 67136K, reserved 491520K
  class space    used 9477K, committed 9792K, reserved 425984K
}
Event: 40.497 GC heap after
{Heap after GC invocations=28 (full 0):
 garbage-first heap   total 132096K, used 68347K [0x0000000080000000, 0x0000000100000000)
  region size 1024K, 3 young (3072K), 3 survivors (3072K)
 Metaspace       used 66441K, committed 67136K, reserved 491520K
  class space    used 9477K, committed 9792K, reserved 425984K
}
Event: 41.663 GC heap before
{Heap before GC invocations=28 (full 0):
 garbage-first heap   total 132096K, used 97019K [0x0000000080000000, 0x0000000100000000)
  region size 1024K, 33 young (33792K), 3 survivors (3072K)
 Metaspace       used 67904K, committed 68608K, reserved 491520K
  class space    used 9666K, committed 9984K, reserved 425984K
}
Event: 41.671 GC heap after
{Heap after GC invocations=29 (full 0):
 garbage-first heap   total 132096K, used 70094K [0x0000000080000000, 0x0000000100000000)
  region size 1024K, 5 young (5120K), 5 survivors (5120K)
 Metaspace       used 67904K, committed 68608K, reserved 491520K
  class space    used 9666K, committed 9984K, reserved 425984K
}
Event: 42.128 GC heap before
{Heap before GC invocations=30 (full 0):
 garbage-first heap   total 138240K, used 94670K [0x0000000080000000, 0x0000000100000000)
  region size 1024K, 26 young (26624K), 5 survivors (5120K)
 Metaspace       used 68796K, committed 69504K, reserved 491520K
  class space    used 9772K, committed 10112K, reserved 425984K
}
Event: 42.139 GC heap after
{Heap after GC invocations=31 (full 0):
 garbage-first heap   total 138240K, used 79955K [0x0000000080000000, 0x0000000100000000)
  region size 1024K, 6 young (6144K), 6 survivors (6144K)
 Metaspace       used 68796K, committed 69504K, reserved 491520K
  class space    used 9772K, committed 10112K, reserved 425984K
}
Event: 42.626 GC heap before
{Heap before GC invocations=32 (full 0):
 garbage-first heap   total 153600K, used 106579K [0x0000000080000000, 0x0000000100000000)
  region size 1024K, 32 young (32768K), 6 survivors (6144K)
 Metaspace       used 71096K, committed 71808K, reserved 491520K
  class space    used 10024K, committed 10368K, reserved 425984K
}
Event: 42.630 GC heap after
{Heap after GC invocations=33 (full 0):
 garbage-first heap   total 153600K, used 82138K [0x0000000080000000, 0x0000000100000000)
  region size 1024K, 1 young (1024K), 1 survivors (1024K)
 Metaspace       used 71096K, committed 71808K, reserved 491520K
  class space    used 10024K, committed 10368K, reserved 425984K
}
Event: 43.290 GC heap before
{Heap before GC invocations=33 (full 0):
 garbage-first heap   total 153600K, used 116954K [0x0000000080000000, 0x0000000100000000)
  region size 1024K, 35 young (35840K), 1 survivors (1024K)
 Metaspace       used 74834K, committed 75584K, reserved 491520K
  class space    used 10439K, committed 10816K, reserved 425984K
}
Event: 43.295 GC heap after
{Heap after GC invocations=34 (full 0):
 garbage-first heap   total 153600K, used 84604K [0x0000000080000000, 0x0000000100000000)
  region size 1024K, 4 young (4096K), 4 survivors (4096K)
 Metaspace       used 74834K, committed 75584K, reserved 491520K
  class space    used 10439K, committed 10816K, reserved 425984K
}
Event: 44.143 GC heap before
{Heap before GC invocations=35 (full 0):
 garbage-first heap   total 153600K, used 125564K [0x0000000080000000, 0x0000000100000000)
  region size 1024K, 38 young (38912K), 4 survivors (4096K)
 Metaspace       used 76420K, committed 77184K, reserved 557056K
  class space    used 10658K, committed 11008K, reserved 425984K
}
Event: 44.156 GC heap after
{Heap after GC invocations=36 (full 0):
 garbage-first heap   total 153600K, used 87523K [0x0000000080000000, 0x0000000100000000)
  region size 1024K, 5 young (5120K), 5 survivors (5120K)
 Metaspace       used 76420K, committed 77184K, reserved 557056K
  class space    used 10658K, committed 11008K, reserved 425984K
}
Event: 44.236 GC heap before
{Heap before GC invocations=36 (full 0):
 garbage-first heap   total 153600K, used 89571K [0x0000000080000000, 0x0000000100000000)
  region size 1024K, 7 young (7168K), 5 survivors (5120K)
 Metaspace       used 76554K, committed 77248K, reserved 557056K
  class space    used 10672K, committed 11008K, reserved 425984K
}

